Arguments: 
  /home/kevinshibuya/.nvm/versions/node/v16.14.0/bin/node /mnt/c/Program Files (x86)/Yarn/bin/yarn.js add express

PATH: 
  /home/kevinshibuya/.nvm/versions/node/v16.14.0/bin:/usr/local/sbin:/usr/local/bin:/usr/sbin:/usr/bin:/sbin:/bin:/usr/games:/usr/local/games:/usr/lib/wsl/lib:/mnt/c/Program Files/WindowsApps/Microsoft.WindowsTerminal_1.12.10982.0_x64__8wekyb3d8bbwe:/mnt/c/Program Files/Common Files/Oracle/Java/javapath:/mnt/c/Program Files (x86)/NVIDIA Corporation/PhysX/Common:/mnt/c/Program Files (x86)/Common Files/Oracle/Java/javapath:/mnt/c/Program Files (x86)/Common Files/Intel/Shared Libraries/redist/intel64/compiler:/mnt/c/Python39/Scripts/:/mnt/c/Python39/:/mnt/c/Windows/system32:/mnt/c/Windows:/mnt/c/Windows/System32/Wbem:/mnt/c/Windows/System32/WindowsPowerShell/v1.0/:/mnt/c/Windows/System32/OpenSSH/:/mnt/c/ProgramData/chocolatey/bin:/mnt/c/Program Files (x86)/Yarn/bin/:/mnt/c/Users/kevin/AppData/Roaming/nvm:/mnt/c/Program Files/nodejs:/mnt/c/Program Files/Microsoft SQL Server/130/Tools/Binn/:/mnt/c/Program Files/dotnet/:/mnt/c/Program Files/Microsoft SQL Server/Client SDK/ODBC/170/Tools/Binn/:/mnt/c/Program Files (x86)/Microsoft SQL Server/150/Tools/Binn/:/mnt/c/Program Files/Microsoft SQL Server/150/Tools/Binn/:/mnt/c/Program Files/Microsoft SQL Server/150/DTS/Binn/:/mnt/c/Program Files (x86)/Microsoft SQL Server/150/DTS/Binn/:/mnt/c/Program Files/Azure Data Studio/bin:/mnt/c/Program Files/Git/cmd:/mnt/c/Program Files/Docker/Docker/resources/bin:/mnt/c/ProgramData/DockerDesktop/version-bin:/mnt/c/Program Files/OpenJDK/openjdk-11.0.15_10/bin:/mnt/c/Program Files/nodejs/:/mnt/c/Users/kevin/AppData/Local/Android/Sdk/platform-tools:/mnt/c/Users/kevin/AppData/Local/Microsoft/WindowsApps:/mnt/c/Users/kevin/AppData/Local/Programs/Microsoft VS Code/bin:/mnt/c/Users/kevin/AppData/Local/hyper/app-3.0.2/resources/bin:/mnt/c/Program Files/JetBrains/IntelliJ IDEA Community Edition 2020.2.3/bin:/mnt/c/Users/kevin/AppData/Local/Yarn/bin:/mnt/c/Users/kevin/AppData/Roaming/nvm:/mnt/c/Program Files/nodejs:/mnt/c/Program Files/heroku/bin:/mnt/c/Users/kevin/.dotnet/tools:/mnt/c/Program Files/Azure Data Studio/bin:/mnt/c/Users/kevin/AppData/Roaming/stripe:/mnt/c/Users/kevin/AppData/Local/.meteor:/mnt/c/Users/kevin/AppData/Roaming/npm

Yarn version: 
  1.22.5

Node version: 
  16.14.0

Platform: 
  linux x64

Trace: 
  Error: getaddrinfo EAI_AGAIN registry.yarnpkg.com
      at GetAddrInfoReqWrap.onlookup [as oncomplete] (node:dns:71:26)

npm manifest: 
  {
    "name": "byte-range-video-streaming",
    "version": "1.0.0",
    "main": "index.js",
    "license": "MIT"
  }

yarn manifest: 
  No manifest

Lockfile: 
  No lockfile
